    dome s0
    --------------------
     Bit for bit matches   : 4 of 4
     Configuration matches : 4 of 4
     Std. Out files parsed : 0

    dome s1
    --------------------
     Bit for bit matches   : 2 of 2
     Configuration matches : 2 of 2
     Std. Out files parsed : 0

    dome s2
    --------------------
     Bit for bit matches   : 3 of 3
     Configuration matches : 3 of 3
     Std. Out files parsed : 0

    dome s3
    --------------------
     Bit for bit matches   : 2 of 2
     Configuration matches : 2 of 2
     Std. Out files parsed : 0

    dome s4
    --------------------
     Bit for bit matches   : 1 of 1
     Configuration matches : 1 of 1
     Std. Out files parsed : 0

